c:\users\ivane\desktop\studio\finalproject\finalproject\x64\debug\worker.obj
c:\users\ivane\desktop\studio\finalproject\finalproject\x64\debug\stationmanager.obj
c:\users\ivane\desktop\studio\finalproject\finalproject\x64\debug\station.obj
c:\users\ivane\desktop\studio\finalproject\finalproject\x64\debug\skiresort.obj
c:\users\ivane\desktop\studio\finalproject\finalproject\x64\debug\skimap.obj
c:\users\ivane\desktop\studio\finalproject\finalproject\x64\debug\route.obj
c:\users\ivane\desktop\studio\finalproject\finalproject\x64\debug\restaurant.obj
c:\users\ivane\desktop\studio\finalproject\finalproject\x64\debug\reservation.obj
c:\users\ivane\desktop\studio\finalproject\finalproject\x64\debug\person.obj
c:\users\ivane\desktop\studio\finalproject\finalproject\x64\debug\main.obj
c:\users\ivane\desktop\studio\finalproject\finalproject\x64\debug\info.obj
c:\users\ivane\desktop\studio\finalproject\finalproject\x64\debug\generallist.obj
c:\users\ivane\desktop\studio\finalproject\finalproject\x64\debug\general.obj
c:\users\ivane\desktop\studio\finalproject\finalproject\x64\debug\filehelper.obj
c:\users\ivane\desktop\studio\finalproject\finalproject\x64\debug\date.obj
c:\users\ivane\desktop\studio\finalproject\finalproject\x64\debug\vc143.pdb
c:\users\ivane\desktop\studio\finalproject\x64\debug\finalproject.exe
c:\users\ivane\desktop\studio\finalproject\x64\debug\finalproject.pdb
c:\users\ivane\desktop\studio\finalproject\finalproject\x64\debug\finalproject.ilk
c:\users\ivane\desktop\studio\finalproject\finalproject\x64\debug\main.obj.enc
c:\users\ivane\desktop\studio\finalproject\finalproject\x64\debug\vc143.idb
c:\users\ivane\desktop\studio\finalproject\finalproject\x64\debug\finalproject.tlog\cl.command.1.tlog
c:\users\ivane\desktop\studio\finalproject\finalproject\x64\debug\finalproject.tlog\cl.items.tlog
c:\users\ivane\desktop\studio\finalproject\finalproject\x64\debug\finalproject.tlog\cl.read.1.tlog
c:\users\ivane\desktop\studio\finalproject\finalproject\x64\debug\finalproject.tlog\cl.write.1.tlog
c:\users\ivane\desktop\studio\finalproject\finalproject\x64\debug\finalproject.tlog\link.command.1.tlog
c:\users\ivane\desktop\studio\finalproject\finalproject\x64\debug\finalproject.tlog\link.read.1.tlog
c:\users\ivane\desktop\studio\finalproject\finalproject\x64\debug\finalproject.tlog\link.secondary.1.tlog
c:\users\ivane\desktop\studio\finalproject\finalproject\x64\debug\finalproject.tlog\link.write.1.tlog
